c:\users\alfar\onedrive\документы\kbp\oaip\_planner\_planner\x64\debug\vc143.pdb
c:\users\alfar\onedrive\документы\kbp\oaip\_planner\_planner\x64\debug\.netframework,version=v4.7.2.assemblyattributes.obj
c:\users\alfar\onedrive\документы\kbp\oaip\_planner\_planner\x64\debug\myform.obj
c:\users\alfar\onedrive\документы\kbp\oaip\_planner\_planner\x64\debug\runner.obj
c:\users\alfar\onedrive\документы\kbp\oaip\_planner\_planner\x64\debug\main.obj
c:\users\alfar\onedrive\документы\kbp\oaip\_planner\_planner\x64\debug\library.obj
c:\users\alfar\onedrive\документы\kbp\oaip\_planner\x64\debug\_planner.exe
c:\users\alfar\onedrive\документы\kbp\oaip\_planner\x64\debug\_planner.pdb
c:\users\alfar\onedrive\документы\kbp\oaip\_planner\_planner\x64\debug\inputbox.obj
c:\users\alfar\onedrive\документы\kbp\oaip\_planner\_planner\x64\debug\lib.obj
c:\users\alfar\onedrive\документы\kbp\oaip\_planner\_planner\x64\debug\objectsettings.obj
c:\users\alfar\onedrive\документы\kbp\oaip\_planner\_planner\x64\debug\test.obj
c:\users\alfar\onedrive\документы\kbp\oaip\_planner\_planner\x64\debug\_planner.tlog\cl.command.1.tlog
c:\users\alfar\onedrive\документы\kbp\oaip\_planner\_planner\x64\debug\_planner.tlog\cl.read.1.tlog
c:\users\alfar\onedrive\документы\kbp\oaip\_planner\_planner\x64\debug\_planner.tlog\cl.write.1.tlog
c:\users\alfar\onedrive\документы\kbp\oaip\_planner\_planner\x64\debug\_planner.tlog\link.command.1.tlog
c:\users\alfar\onedrive\документы\kbp\oaip\_planner\_planner\x64\debug\_planner.tlog\link.read.1.tlog
c:\users\alfar\onedrive\документы\kbp\oaip\_planner\_planner\x64\debug\_planner.tlog\link.write.1.tlog
c:\users\alfar\onedrive\документы\kbp\oaip\_planner\_planner\x64\debug\_planner.tlog\metagen.read.1.tlog
c:\users\alfar\onedrive\документы\kbp\oaip\_planner\_planner\x64\debug\_planner.tlog\metagen.write.1.tlog
c:\users\alfar\onedrive\документы\kbp\oaip\_planner\_planner\x64\debug\_planner.tlog\resgen.command.1.tlog
c:\users\alfar\onedrive\документы\kbp\oaip\_planner\_planner\x64\debug\_planner.tlog\resgen.read.1.tlog
c:\users\alfar\onedrive\документы\kbp\oaip\_planner\_planner\x64\debug\_planner.tlog\resgen.write.1.tlog
